{"/home/ubuntu/Delivery-Dashboard/src/App.tsx": {"path":"/home/ubuntu/Delivery-Dashboard/src/App.tsx","statementMap":{"0":{"start":{"line":11,"column":2},"end":{"line":11,"column":null}},"1":{"start":{"line":15,"column":2},"end":{"line":42,"column":null}}},"fnMap":{"0":{"name":"About","decl":{"start":{"line":10,"column":9},"end":{"line":10,"column":17}},"loc":{"start":{"line":10,"column":17},"end":{"line":12,"column":null}},"line":10},"1":{"name":"App","decl":{"start":{"line":14,"column":9},"end":{"line":14,"column":15}},"loc":{"start":{"line":14,"column":15},"end":{"line":44,"column":null}},"line":14}},"branchMap":{},"s":{"0":0,"1":1},"f":{"0":0,"1":1},"b":{},"meta":{"lastBranch":0,"lastFunction":2,"lastStatement":2,"seen":{"f:10:9:10:17":0,"s:11:2:11:Infinity":0,"f:14:9:14:15":1,"s:15:2:42:Infinity":1},"fnNames":{}}}
,"/home/ubuntu/Delivery-Dashboard/src/components/AlertsWidget.tsx": {"path":"/home/ubuntu/Delivery-Dashboard/src/components/AlertsWidget.tsx","statementMap":{"0":{"start":{"line":18,"column":2},"end":{"line":25,"column":null}},"1":{"start":{"line":20,"column":6},"end":{"line":20,"column":null}},"2":{"start":{"line":22,"column":6},"end":{"line":22,"column":null}},"3":{"start":{"line":24,"column":6},"end":{"line":24,"column":null}},"4":{"start":{"line":29,"column":2},"end":{"line":36,"column":null}},"5":{"start":{"line":31,"column":6},"end":{"line":31,"column":null}},"6":{"start":{"line":33,"column":6},"end":{"line":33,"column":null}},"7":{"start":{"line":35,"column":6},"end":{"line":35,"column":null}},"8":{"start":{"line":40,"column":8},"end":{"line":43,"column":null}},"9":{"start":{"line":41,"column":10},"end":{"line":41,"column":null}},"10":{"start":{"line":44,"column":26},"end":{"line":44,"column":null}},"11":{"start":{"line":46,"column":8},"end":{"line":49,"column":null}},"12":{"start":{"line":48,"column":6},"end":{"line":48,"column":null}},"13":{"start":{"line":51,"column":2},"end":{"line":92,"column":null}},"14":{"start":{"line":57,"column":31},"end":{"line":57,"column":null}},"15":{"start":{"line":76,"column":12},"end":{"line":88,"column":null}}},"fnMap":{"0":{"name":"getSeverityColor","decl":{"start":{"line":17,"column":9},"end":{"line":17,"column":26}},"loc":{"start":{"line":17,"column":44},"end":{"line":26,"column":null}},"line":17},"1":{"name":"getSeverityIcon","decl":{"start":{"line":28,"column":9},"end":{"line":28,"column":25}},"loc":{"start":{"line":28,"column":43},"end":{"line":37,"column":null}},"line":28},"2":{"name":"AlertsWidget","decl":{"start":{"line":39,"column":24},"end":{"line":39,"column":39}},"loc":{"start":{"line":39,"column":39},"end":{"line":94,"column":null}},"line":39},"3":{"name":"(anonymous_3)","decl":{"start":{"line":41,"column":4},"end":{"line":41,"column":10}},"loc":{"start":{"line":41,"column":10},"end":{"line":41,"column":null}},"line":41},"4":{"name":"(anonymous_4)","decl":{"start":{"line":47,"column":4},"end":{"line":47,"column":5}},"loc":{"start":{"line":48,"column":6},"end":{"line":48,"column":null}},"line":48},"5":{"name":"(anonymous_5)","decl":{"start":{"line":57,"column":20},"end":{"line":57,"column":21}},"loc":{"start":{"line":57,"column":31},"end":{"line":57,"column":null}},"line":57},"6":{"name":"(anonymous_6)","decl":{"start":{"line":75,"column":33},"end":{"line":75,"column":34}},"loc":{"start":{"line":76,"column":12},"end":{"line":88,"column":null}},"line":76}},"branchMap":{"0":{"loc":{"start":{"line":18,"column":2},"end":{"line":25,"column":null}},"type":"switch","locations":[{"start":{"line":19,"column":4},"end":{"line":20,"column":null}},{"start":{"line":21,"column":4},"end":{"line":22,"column":null}},{"start":{"line":23,"column":4},"end":{"line":24,"column":null}}],"line":18},"1":{"loc":{"start":{"line":29,"column":2},"end":{"line":36,"column":null}},"type":"switch","locations":[{"start":{"line":30,"column":4},"end":{"line":31,"column":null}},{"start":{"line":32,"column":4},"end":{"line":33,"column":null}},{"start":{"line":34,"column":4},"end":{"line":35,"column":null}}],"line":29},"2":{"loc":{"start":{"line":46,"column":29},"end":{"line":46,"column":46}},"type":"binary-expr","locations":[{"start":{"line":46,"column":29},"end":{"line":46,"column":42}},{"start":{"line":46,"column":42},"end":{"line":46,"column":46}}],"line":46},"3":{"loc":{"start":{"line":48,"column":6},"end":{"line":48,"column":null}},"type":"binary-expr","locations":[{"start":{"line":48,"column":6},"end":{"line":48,"column":26}},{"start":{"line":48,"column":26},"end":{"line":48,"column":null}}],"line":48},"4":{"loc":{"start":{"line":67,"column":7},"end":{"line":90,"column":null}},"type":"cond-expr","locations":[{"start":{"line":68,"column":8},"end":{"line":68,"column":null}},{"start":{"line":69,"column":10},"end":{"line":90,"column":null}}],"line":67},"5":{"loc":{"start":{"line":69,"column":10},"end":{"line":90,"column":null}},"type":"cond-expr","locations":[{"start":{"line":70,"column":8},"end":{"line":72,"column":null}},{"start":{"line":74,"column":8},"end":{"line":90,"column":null}}],"line":69}},"s":{"0":0,"1":0,"2":0,"3":0,"4":0,"5":0,"6":0,"7":0,"8":1,"9":0,"10":1,"11":1,"12":0,"13":1,"14":0,"15":0},"f":{"0":0,"1":0,"2":1,"3":0,"4":0,"5":0,"6":0},"b":{"0":[0,0,0],"1":[0,0,0],"2":[1,1],"3":[0,0],"4":[1,0],"5":[0,0]},"meta":{"lastBranch":6,"lastFunction":7,"lastStatement":16,"seen":{"f:17:9:17:26":0,"b:19:4:20:Infinity:21:4:22:Infinity:23:4:24:Infinity":0,"s:18:2:25:Infinity":0,"s:20:6:20:Infinity":1,"s:22:6:22:Infinity":2,"s:24:6:24:Infinity":3,"f:28:9:28:25":1,"b:30:4:31:Infinity:32:4:33:Infinity:34:4:35:Infinity":1,"s:29:2:36:Infinity":4,"s:31:6:31:Infinity":5,"s:33:6:33:Infinity":6,"s:35:6:35:Infinity":7,"f:39:24:39:39":2,"s:40:8:43:Infinity":8,"f:41:4:41:10":3,"s:41:10:41:Infinity":9,"s:44:26:44:Infinity":10,"s:46:8:49:Infinity":11,"b:46:29:46:42:46:42:46:46":2,"f:47:4:47:5":4,"s:48:6:48:Infinity":12,"b:48:6:48:26:48:26:48:Infinity":3,"s:51:2:92:Infinity":13,"f:57:20:57:21":5,"s:57:31:57:Infinity":14,"b:68:8:68:Infinity:69:10:90:Infinity":4,"b:70:8:72:Infinity:74:8:90:Infinity":5,"f:75:33:75:34":6,"s:76:12:88:Infinity":15},"fnNames":{}}}
,"/home/ubuntu/Delivery-Dashboard/src/components/EnterpriseMetricsWidget.tsx": {"path":"/home/ubuntu/Delivery-Dashboard/src/components/EnterpriseMetricsWidget.tsx","statementMap":{"0":{"start":{"line":8,"column":8},"end":{"line":8,"column":null}},"1":{"start":{"line":8,"column":37},"end":{"line":8,"column":69}},"2":{"start":{"line":9,"column":24},"end":{"line":9,"column":null}},"3":{"start":{"line":11,"column":2},"end":{"line":33,"column":null}}},"fnMap":{"0":{"name":"EnterpriseMetricsWidget","decl":{"start":{"line":7,"column":24},"end":{"line":7,"column":50}},"loc":{"start":{"line":7,"column":50},"end":{"line":35,"column":null}},"line":7},"1":{"name":"(anonymous_1)","decl":{"start":{"line":8,"column":31},"end":{"line":8,"column":37}},"loc":{"start":{"line":8,"column":37},"end":{"line":8,"column":69}},"line":8}},"branchMap":{"0":{"loc":{"start":{"line":14,"column":7},"end":{"line":31,"column":null}},"type":"cond-expr","locations":[{"start":{"line":15,"column":8},"end":{"line":15,"column":null}},{"start":{"line":16,"column":10},"end":{"line":31,"column":null}}],"line":14},"1":{"loc":{"start":{"line":16,"column":10},"end":{"line":31,"column":null}},"type":"cond-expr","locations":[{"start":{"line":17,"column":8},"end":{"line":19,"column":null}},{"start":{"line":21,"column":8},"end":{"line":31,"column":null}}],"line":16}},"s":{"0":1,"1":0,"2":1,"3":1},"f":{"0":1,"1":0},"b":{"0":[1,0],"1":[0,0]},"meta":{"lastBranch":2,"lastFunction":2,"lastStatement":4,"seen":{"f:7:24:7:50":0,"s:8:8:8:Infinity":0,"f:8:31:8:37":1,"s:8:37:8:69":1,"s:9:24:9:Infinity":2,"s:11:2:33:Infinity":3,"b:15:8:15:Infinity:16:10:31:Infinity":0,"b:17:8:19:Infinity:21:8:31:Infinity":1},"fnNames":{}}}
,"/home/ubuntu/Delivery-Dashboard/src/components/ReleasesWidget.tsx": {"path":"/home/ubuntu/Delivery-Dashboard/src/components/ReleasesWidget.tsx","statementMap":{"0":{"start":{"line":10,"column":8},"end":{"line":13,"column":null}},"1":{"start":{"line":11,"column":10},"end":{"line":11,"column":null}},"2":{"start":{"line":15,"column":2},"end":{"line":36,"column":null}},"3":{"start":{"line":27,"column":12},"end":{"line":32,"column":null}}},"fnMap":{"0":{"name":"ReleasesWidget","decl":{"start":{"line":9,"column":24},"end":{"line":9,"column":41}},"loc":{"start":{"line":9,"column":41},"end":{"line":38,"column":null}},"line":9},"1":{"name":"(anonymous_1)","decl":{"start":{"line":11,"column":4},"end":{"line":11,"column":10}},"loc":{"start":{"line":11,"column":10},"end":{"line":11,"column":null}},"line":11},"2":{"name":"(anonymous_2)","decl":{"start":{"line":26,"column":24},"end":{"line":26,"column":25}},"loc":{"start":{"line":27,"column":12},"end":{"line":32,"column":null}},"line":27}},"branchMap":{"0":{"loc":{"start":{"line":18,"column":7},"end":{"line":34,"column":null}},"type":"cond-expr","locations":[{"start":{"line":19,"column":8},"end":{"line":19,"column":null}},{"start":{"line":20,"column":10},"end":{"line":34,"column":null}}],"line":18},"1":{"loc":{"start":{"line":20,"column":10},"end":{"line":34,"column":null}},"type":"cond-expr","locations":[{"start":{"line":21,"column":8},"end":{"line":23,"column":null}},{"start":{"line":25,"column":8},"end":{"line":34,"column":null}}],"line":20}},"s":{"0":1,"1":0,"2":1,"3":0},"f":{"0":1,"1":0,"2":0},"b":{"0":[1,0],"1":[0,0]},"meta":{"lastBranch":2,"lastFunction":3,"lastStatement":4,"seen":{"f:9:24:9:41":0,"s:10:8:13:Infinity":0,"f:11:4:11:10":1,"s:11:10:11:Infinity":1,"s:15:2:36:Infinity":2,"b:19:8:19:Infinity:20:10:34:Infinity":0,"b:21:8:23:Infinity:25:8:34:Infinity":1,"f:26:24:26:25":2,"s:27:12:32:Infinity":3},"fnNames":{}}}
,"/home/ubuntu/Delivery-Dashboard/src/components/SprintStatusWidget.tsx": {"path":"/home/ubuntu/Delivery-Dashboard/src/components/SprintStatusWidget.tsx","statementMap":{"0":{"start":{"line":12,"column":8},"end":{"line":15,"column":null}},"1":{"start":{"line":13,"column":10},"end":{"line":13,"column":null}},"2":{"start":{"line":17,"column":2},"end":{"line":48,"column":null}},"3":{"start":{"line":29,"column":12},"end":{"line":44,"column":null}}},"fnMap":{"0":{"name":"SprintStatusWidget","decl":{"start":{"line":11,"column":24},"end":{"line":11,"column":45}},"loc":{"start":{"line":11,"column":45},"end":{"line":50,"column":null}},"line":11},"1":{"name":"(anonymous_1)","decl":{"start":{"line":13,"column":4},"end":{"line":13,"column":10}},"loc":{"start":{"line":13,"column":10},"end":{"line":13,"column":null}},"line":13},"2":{"name":"(anonymous_2)","decl":{"start":{"line":28,"column":23},"end":{"line":28,"column":24}},"loc":{"start":{"line":29,"column":12},"end":{"line":44,"column":null}},"line":29}},"branchMap":{"0":{"loc":{"start":{"line":20,"column":7},"end":{"line":46,"column":null}},"type":"cond-expr","locations":[{"start":{"line":21,"column":8},"end":{"line":21,"column":null}},{"start":{"line":22,"column":10},"end":{"line":46,"column":null}}],"line":20},"1":{"loc":{"start":{"line":22,"column":10},"end":{"line":46,"column":null}},"type":"cond-expr","locations":[{"start":{"line":23,"column":8},"end":{"line":25,"column":null}},{"start":{"line":27,"column":8},"end":{"line":46,"column":null}}],"line":22}},"s":{"0":1,"1":0,"2":1,"3":0},"f":{"0":1,"1":0,"2":0},"b":{"0":[1,0],"1":[0,0]},"meta":{"lastBranch":2,"lastFunction":3,"lastStatement":4,"seen":{"f:11:24:11:45":0,"s:12:8:15:Infinity":0,"f:13:4:13:10":1,"s:13:10:13:Infinity":1,"s:17:2:48:Infinity":2,"b:21:8:21:Infinity:22:10:46:Infinity":0,"b:23:8:25:Infinity:27:8:46:Infinity":1,"f:28:23:28:24":2,"s:29:12:44:Infinity":3},"fnNames":{}}}
,"/home/ubuntu/Delivery-Dashboard/src/components/SystemHealthWidget.tsx": {"path":"/home/ubuntu/Delivery-Dashboard/src/components/SystemHealthWidget.tsx","statementMap":{"0":{"start":{"line":11,"column":2},"end":{"line":18,"column":null}},"1":{"start":{"line":13,"column":6},"end":{"line":13,"column":null}},"2":{"start":{"line":15,"column":6},"end":{"line":15,"column":null}},"3":{"start":{"line":17,"column":6},"end":{"line":17,"column":null}},"4":{"start":{"line":22,"column":8},"end":{"line":25,"column":null}},"5":{"start":{"line":23,"column":10},"end":{"line":23,"column":null}},"6":{"start":{"line":27,"column":2},"end":{"line":54,"column":null}},"7":{"start":{"line":39,"column":12},"end":{"line":50,"column":null}}},"fnMap":{"0":{"name":"getHealthColor","decl":{"start":{"line":10,"column":9},"end":{"line":10,"column":24}},"loc":{"start":{"line":10,"column":40},"end":{"line":19,"column":null}},"line":10},"1":{"name":"SystemHealthWidget","decl":{"start":{"line":21,"column":24},"end":{"line":21,"column":45}},"loc":{"start":{"line":21,"column":45},"end":{"line":56,"column":null}},"line":21},"2":{"name":"(anonymous_2)","decl":{"start":{"line":23,"column":4},"end":{"line":23,"column":10}},"loc":{"start":{"line":23,"column":10},"end":{"line":23,"column":null}},"line":23},"3":{"name":"(anonymous_3)","decl":{"start":{"line":38,"column":23},"end":{"line":38,"column":24}},"loc":{"start":{"line":39,"column":12},"end":{"line":50,"column":null}},"line":39}},"branchMap":{"0":{"loc":{"start":{"line":11,"column":2},"end":{"line":18,"column":null}},"type":"switch","locations":[{"start":{"line":12,"column":4},"end":{"line":13,"column":null}},{"start":{"line":14,"column":4},"end":{"line":15,"column":null}},{"start":{"line":16,"column":4},"end":{"line":17,"column":null}}],"line":11},"1":{"loc":{"start":{"line":30,"column":7},"end":{"line":52,"column":null}},"type":"cond-expr","locations":[{"start":{"line":31,"column":8},"end":{"line":31,"column":null}},{"start":{"line":32,"column":10},"end":{"line":52,"column":null}}],"line":30},"2":{"loc":{"start":{"line":32,"column":10},"end":{"line":52,"column":null}},"type":"cond-expr","locations":[{"start":{"line":33,"column":8},"end":{"line":35,"column":null}},{"start":{"line":37,"column":8},"end":{"line":52,"column":null}}],"line":32}},"s":{"0":0,"1":0,"2":0,"3":0,"4":1,"5":0,"6":1,"7":0},"f":{"0":0,"1":1,"2":0,"3":0},"b":{"0":[0,0,0],"1":[1,0],"2":[0,0]},"meta":{"lastBranch":3,"lastFunction":4,"lastStatement":8,"seen":{"f:10:9:10:24":0,"b:12:4:13:Infinity:14:4:15:Infinity:16:4:17:Infinity":0,"s:11:2:18:Infinity":0,"s:13:6:13:Infinity":1,"s:15:6:15:Infinity":2,"s:17:6:17:Infinity":3,"f:21:24:21:45":1,"s:22:8:25:Infinity":4,"f:23:4:23:10":2,"s:23:10:23:Infinity":5,"s:27:2:54:Infinity":6,"b:31:8:31:Infinity:32:10:52:Infinity":1,"b:33:8:35:Infinity:37:8:52:Infinity":2,"f:38:23:38:24":3,"s:39:12:50:Infinity":7},"fnNames":{}}}
,"/home/ubuntu/Delivery-Dashboard/src/pages/Dashboard.tsx": {"path":"/home/ubuntu/Delivery-Dashboard/src/pages/Dashboard.tsx","statementMap":{"0":{"start":{"line":11,"column":2},"end":{"line":56,"column":null}},"1":{"start":{"line":19,"column":12},"end":{"line":19,"column":null}}},"fnMap":{"0":{"name":"Dashboard","decl":{"start":{"line":10,"column":24},"end":{"line":10,"column":36}},"loc":{"start":{"line":10,"column":36},"end":{"line":58,"column":null}},"line":10},"1":{"name":"(anonymous_1)","decl":{"start":{"line":18,"column":19},"end":{"line":18,"column":25}},"loc":{"start":{"line":18,"column":25},"end":{"line":20,"column":null}},"line":18}},"branchMap":{},"s":{"0":1,"1":0},"f":{"0":1,"1":0},"b":{},"meta":{"lastBranch":0,"lastFunction":2,"lastStatement":2,"seen":{"f:10:24:10:36":0,"s:11:2:56:Infinity":0,"f:18:19:18:25":1,"s:19:12:19:Infinity":1},"fnNames":{}}}
,"/home/ubuntu/Delivery-Dashboard/src/pages/Scans.tsx": {"path":"/home/ubuntu/Delivery-Dashboard/src/pages/Scans.tsx","statementMap":{"0":{"start":{"line":28,"column":2},"end":{"line":28,"column":null}},"1":{"start":{"line":32,"column":8},"end":{"line":35,"column":null}},"2":{"start":{"line":33,"column":10},"end":{"line":33,"column":null}},"3":{"start":{"line":36,"column":34},"end":{"line":36,"column":null}},"4":{"start":{"line":37,"column":36},"end":{"line":37,"column":null}},"5":{"start":{"line":38,"column":26},"end":{"line":38,"column":null}},"6":{"start":{"line":39,"column":36},"end":{"line":39,"column":null}},"7":{"start":{"line":40,"column":8},"end":{"line":40,"column":null}},"8":{"start":{"line":42,"column":29},"end":{"line":60,"column":null}},"9":{"start":{"line":43,"column":17},"end":{"line":43,"column":null}},"10":{"start":{"line":44,"column":4},"end":{"line":46,"column":null}},"11":{"start":{"line":45,"column":6},"end":{"line":45,"column":null}},"12":{"start":{"line":48,"column":4},"end":{"line":59,"column":null}},"13":{"start":{"line":49,"column":6},"end":{"line":49,"column":null}},"14":{"start":{"line":50,"column":6},"end":{"line":50,"column":null}},"15":{"start":{"line":51,"column":6},"end":{"line":54,"column":null}},"16":{"start":{"line":56,"column":6},"end":{"line":56,"column":null}},"17":{"start":{"line":58,"column":6},"end":{"line":58,"column":null}},"18":{"start":{"line":62,"column":23},"end":{"line":90,"column":null}},"19":{"start":{"line":63,"column":4},"end":{"line":66,"column":null}},"20":{"start":{"line":64,"column":6},"end":{"line":64,"column":null}},"21":{"start":{"line":65,"column":6},"end":{"line":65,"column":null}},"22":{"start":{"line":69,"column":4},"end":{"line":74,"column":null}},"23":{"start":{"line":70,"column":6},"end":{"line":70,"column":null}},"24":{"start":{"line":72,"column":6},"end":{"line":72,"column":null}},"25":{"start":{"line":73,"column":6},"end":{"line":73,"column":null}},"26":{"start":{"line":76,"column":4},"end":{"line":76,"column":null}},"27":{"start":{"line":77,"column":4},"end":{"line":77,"column":null}},"28":{"start":{"line":78,"column":4},"end":{"line":89,"column":null}},"29":{"start":{"line":79,"column":21},"end":{"line":79,"column":null}},"30":{"start":{"line":80,"column":6},"end":{"line":83,"column":null}},"31":{"start":{"line":84,"column":6},"end":{"line":84,"column":null}},"32":{"start":{"line":86,"column":6},"end":{"line":86,"column":null}},"33":{"start":{"line":88,"column":6},"end":{"line":88,"column":null}},"34":{"start":{"line":92,"column":2},"end":{"line":190,"column":null}},"35":{"start":{"line":115,"column":33},"end":{"line":115,"column":null}},"36":{"start":{"line":122,"column":33},"end":{"line":122,"column":null}},"37":{"start":{"line":133,"column":29},"end":{"line":133,"column":null}},"38":{"start":{"line":179,"column":18},"end":{"line":183,"column":null}}},"fnMap":{"0":{"name":"getErrorMessage","decl":{"start":{"line":27,"column":9},"end":{"line":27,"column":25}},"loc":{"start":{"line":27,"column":41},"end":{"line":29,"column":null}},"line":27},"1":{"name":"Scans","decl":{"start":{"line":31,"column":24},"end":{"line":31,"column":32}},"loc":{"start":{"line":31,"column":32},"end":{"line":192,"column":null}},"line":31},"2":{"name":"(anonymous_2)","decl":{"start":{"line":33,"column":4},"end":{"line":33,"column":10}},"loc":{"start":{"line":33,"column":10},"end":{"line":33,"column":null}},"line":33},"3":{"name":"(anonymous_3)","decl":{"start":{"line":42,"column":29},"end":{"line":42,"column":36}},"loc":{"start":{"line":42,"column":77},"end":{"line":60,"column":null}},"line":42},"4":{"name":"(anonymous_4)","decl":{"start":{"line":62,"column":23},"end":{"line":62,"column":35}},"loc":{"start":{"line":62,"column":35},"end":{"line":90,"column":null}},"line":62},"5":{"name":"(anonymous_5)","decl":{"start":{"line":115,"column":22},"end":{"line":115,"column":23}},"loc":{"start":{"line":115,"column":33},"end":{"line":115,"column":null}},"line":115},"6":{"name":"(anonymous_6)","decl":{"start":{"line":122,"column":22},"end":{"line":122,"column":23}},"loc":{"start":{"line":122,"column":33},"end":{"line":122,"column":null}},"line":122},"7":{"name":"(anonymous_7)","decl":{"start":{"line":133,"column":23},"end":{"line":133,"column":29}},"loc":{"start":{"line":133,"column":29},"end":{"line":133,"column":null}},"line":133},"8":{"name":"(anonymous_8)","decl":{"start":{"line":178,"column":27},"end":{"line":178,"column":28}},"loc":{"start":{"line":179,"column":18},"end":{"line":183,"column":null}},"line":179}},"branchMap":{"0":{"loc":{"start":{"line":28,"column":9},"end":{"line":28,"column":null}},"type":"cond-expr","locations":[{"start":{"line":28,"column":34},"end":{"line":28,"column":50}},{"start":{"line":28,"column":50},"end":{"line":28,"column":null}}],"line":28},"1":{"loc":{"start":{"line":44,"column":4},"end":{"line":46,"column":null}},"type":"if","locations":[{"start":{"line":44,"column":4},"end":{"line":46,"column":null}},{"start":{},"end":{}}],"line":44},"2":{"loc":{"start":{"line":63,"column":4},"end":{"line":66,"column":null}},"type":"if","locations":[{"start":{"line":63,"column":4},"end":{"line":66,"column":null}},{"start":{},"end":{}}],"line":63},"3":{"loc":{"start":{"line":82,"column":47},"end":{"line":82,"column":82}},"type":"cond-expr","locations":[{"start":{"line":82,"column":74},"end":{"line":82,"column":79}},{"start":{"line":82,"column":79},"end":{"line":82,"column":82}}],"line":82},"4":{"loc":{"start":{"line":150,"column":15},"end":{"line":150,"column":null}},"type":"cond-expr","locations":[{"start":{"line":150,"column":29},"end":{"line":150,"column":46}},{"start":{"line":150,"column":46},"end":{"line":150,"column":null}}],"line":150},"5":{"loc":{"start":{"line":153,"column":11},"end":{"line":153,"column":null}},"type":"binary-expr","locations":[{"start":{"line":153,"column":11},"end":{"line":153,"column":21}},{"start":{"line":153,"column":21},"end":{"line":153,"column":null}}],"line":153},"6":{"loc":{"start":{"line":163,"column":9},"end":{"line":187,"column":null}},"type":"cond-expr","locations":[{"start":{"line":164,"column":10},"end":{"line":164,"column":null}},{"start":{"line":165,"column":12},"end":{"line":187,"column":null}}],"line":163},"7":{"loc":{"start":{"line":165,"column":12},"end":{"line":187,"column":null}},"type":"cond-expr","locations":[{"start":{"line":166,"column":10},"end":{"line":166,"column":null}},{"start":{"line":168,"column":10},"end":{"line":187,"column":null}}],"line":165}},"s":{"0":0,"1":0,"2":0,"3":0,"4":0,"5":0,"6":0,"7":0,"8":0,"9":0,"10":0,"11":0,"12":0,"13":0,"14":0,"15":0,"16":0,"17":0,"18":0,"19":0,"20":0,"21":0,"22":0,"23":0,"24":0,"25":0,"26":0,"27":0,"28":0,"29":0,"30":0,"31":0,"32":0,"33":0,"34":0,"35":0,"36":0,"37":0,"38":0},"f":{"0":0,"1":0,"2":0,"3":0,"4":0,"5":0,"6":0,"7":0,"8":0},"b":{"0":[0,0],"1":[0,0],"2":[0,0],"3":[0,0],"4":[0,0],"5":[0,0],"6":[0,0],"7":[0,0]},"meta":{"lastBranch":8,"lastFunction":9,"lastStatement":39,"seen":{"f:27:9:27:25":0,"s:28:2:28:Infinity":0,"b:28:34:28:50:28:50:28:Infinity":0,"f:31:24:31:32":1,"s:32:8:35:Infinity":1,"f:33:4:33:10":2,"s:33:10:33:Infinity":2,"s:36:34:36:Infinity":3,"s:37:36:37:Infinity":4,"s:38:26:38:Infinity":5,"s:39:36:39:Infinity":6,"s:40:8:40:Infinity":7,"s:42:29:60:Infinity":8,"f:42:29:42:36":3,"s:43:17:43:Infinity":9,"b:44:4:46:Infinity:undefined:undefined:undefined:undefined":1,"s:44:4:46:Infinity":10,"s:45:6:45:Infinity":11,"s:48:4:59:Infinity":12,"s:49:6:49:Infinity":13,"s:50:6:50:Infinity":14,"s:51:6:54:Infinity":15,"s:56:6:56:Infinity":16,"s:58:6:58:Infinity":17,"s:62:23:90:Infinity":18,"f:62:23:62:35":4,"b:63:4:66:Infinity:undefined:undefined:undefined:undefined":2,"s:63:4:66:Infinity":19,"s:64:6:64:Infinity":20,"s:65:6:65:Infinity":21,"s:69:4:74:Infinity":22,"s:70:6:70:Infinity":23,"s:72:6:72:Infinity":24,"s:73:6:73:Infinity":25,"s:76:4:76:Infinity":26,"s:77:4:77:Infinity":27,"s:78:4:89:Infinity":28,"s:79:21:79:Infinity":29,"s:80:6:83:Infinity":30,"b:82:74:82:79:82:79:82:82":3,"s:84:6:84:Infinity":31,"s:86:6:86:Infinity":32,"s:88:6:88:Infinity":33,"s:92:2:190:Infinity":34,"f:115:22:115:23":5,"s:115:33:115:Infinity":35,"f:122:22:122:23":6,"s:122:33:122:Infinity":36,"f:133:23:133:29":7,"s:133:29:133:Infinity":37,"b:150:29:150:46:150:46:150:Infinity":4,"b:153:11:153:21:153:21:153:Infinity":5,"b:164:10:164:Infinity:165:12:187:Infinity":6,"b:166:10:166:Infinity:168:10:187:Infinity":7,"f:178:27:178:28":8,"s:179:18:183:Infinity":38},"fnNames":{}}}
,"/home/ubuntu/Delivery-Dashboard/src/services/db.ts": {"path":"/home/ubuntu/Delivery-Dashboard/src/services/db.ts","statementMap":{"0":{"start":{"line":58,"column":4},"end":{"line":58,"column":null}},"1":{"start":{"line":59,"column":4},"end":{"line":66,"column":null}},"2":{"start":{"line":68,"column":4},"end":{"line":75,"column":null}},"3":{"start":{"line":79,"column":18},"end":{"line":79,"column":null}},"4":{"start":{"line":83,"column":24},"end":{"line":83,"column":null}},"5":{"start":{"line":84,"column":2},"end":{"line":112,"column":null}},"6":{"start":{"line":85,"column":4},"end":{"line":88,"column":null}},"7":{"start":{"line":90,"column":4},"end":{"line":93,"column":null}},"8":{"start":{"line":95,"column":4},"end":{"line":98,"column":null}},"9":{"start":{"line":100,"column":4},"end":{"line":105,"column":null}},"10":{"start":{"line":107,"column":4},"end":{"line":111,"column":null}}},"fnMap":{"0":{"name":"constructor","decl":{"start":{"line":57,"column":2},"end":{"line":57,"column":16}},"loc":{"start":{"line":57,"column":16},"end":{"line":76,"column":null}},"line":57},"1":{"name":"seedDatabase","decl":{"start":{"line":82,"column":22},"end":{"line":82,"column":37}},"loc":{"start":{"line":82,"column":37},"end":{"line":113,"column":null}},"line":82}},"branchMap":{"0":{"loc":{"start":{"line":84,"column":2},"end":{"line":112,"column":null}},"type":"if","locations":[{"start":{"line":84,"column":2},"end":{"line":112,"column":null}},{"start":{},"end":{}}],"line":84}},"s":{"0":3,"1":3,"2":3,"3":3,"4":2,"5":2,"6":1,"7":1,"8":1,"9":1,"10":1},"f":{"0":3,"1":2},"b":{"0":[1,1]},"meta":{"lastBranch":1,"lastFunction":2,"lastStatement":11,"seen":{"f:57:2:57:16":0,"s:58:4:58:Infinity":0,"s:59:4:66:Infinity":1,"s:68:4:75:Infinity":2,"s:79:18:79:Infinity":3,"f:82:22:82:37":1,"s:83:24:83:Infinity":4,"b:84:2:112:Infinity:undefined:undefined:undefined:undefined":0,"s:84:2:112:Infinity":5,"s:85:4:88:Infinity":6,"s:90:4:93:Infinity":7,"s:95:4:98:Infinity":8,"s:100:4:105:Infinity":9,"s:107:4:111:Infinity":10},"fnNames":{}}}
,"/home/ubuntu/Delivery-Dashboard/src/services/ingestion.ts": {"path":"/home/ubuntu/Delivery-Dashboard/src/services/ingestion.ts","statementMap":{"0":{"start":{"line":7,"column":2},"end":{"line":7,"column":null}},"1":{"start":{"line":11,"column":2},"end":{"line":11,"column":null}},"2":{"start":{"line":15,"column":2},"end":{"line":17,"column":null}},"3":{"start":{"line":16,"column":4},"end":{"line":16,"column":null}},"4":{"start":{"line":19,"column":29},"end":{"line":19,"column":null}},"5":{"start":{"line":20,"column":2},"end":{"line":22,"column":null}},"6":{"start":{"line":21,"column":4},"end":{"line":21,"column":null}},"7":{"start":{"line":23,"column":2},"end":{"line":25,"column":null}},"8":{"start":{"line":24,"column":4},"end":{"line":24,"column":null}},"9":{"start":{"line":26,"column":2},"end":{"line":26,"column":null}},"10":{"start":{"line":36,"column":18},"end":{"line":36,"column":null}},"11":{"start":{"line":39,"column":4},"end":{"line":39,"column":null}},"12":{"start":{"line":43,"column":4},"end":{"line":45,"column":null}},"13":{"start":{"line":44,"column":6},"end":{"line":44,"column":null}},"14":{"start":{"line":47,"column":4},"end":{"line":56,"column":null}},"15":{"start":{"line":48,"column":23},"end":{"line":48,"column":null}},"16":{"start":{"line":49,"column":6},"end":{"line":55,"column":null}},"17":{"start":{"line":61,"column":18},"end":{"line":61,"column":null}},"18":{"start":{"line":64,"column":4},"end":{"line":64,"column":null}},"19":{"start":{"line":68,"column":4},"end":{"line":70,"column":null}},"20":{"start":{"line":69,"column":6},"end":{"line":69,"column":null}},"21":{"start":{"line":72,"column":4},"end":{"line":78,"column":null}},"22":{"start":{"line":72,"column":59},"end":{"line":78,"column":6}},"23":{"start":{"line":82,"column":32},"end":{"line":82,"column":null}},"24":{"start":{"line":84,"column":38},"end":{"line":84,"column":null}},"25":{"start":{"line":84,"column":62},"end":{"line":84,"column":73}},"26":{"start":{"line":87,"column":17},"end":{"line":87,"column":null}},"27":{"start":{"line":87,"column":45},"end":{"line":87,"column":72}},"28":{"start":{"line":88,"column":2},"end":{"line":92,"column":null}},"29":{"start":{"line":89,"column":4},"end":{"line":91,"column":null}},"30":{"start":{"line":94,"column":20},"end":{"line":94,"column":null}},"31":{"start":{"line":95,"column":8},"end":{"line":95,"column":null}},"32":{"start":{"line":97,"column":2},"end":{"line":108,"column":null}},"33":{"start":{"line":98,"column":4},"end":{"line":100,"column":null}},"34":{"start":{"line":99,"column":6},"end":{"line":99,"column":null}},"35":{"start":{"line":102,"column":4},"end":{"line":107,"column":null}},"36":{"start":{"line":110,"column":2},"end":{"line":114,"column":null}}},"fnMap":{"0":{"name":"isRecord","decl":{"start":{"line":6,"column":9},"end":{"line":6,"column":18}},"loc":{"start":{"line":6,"column":58},"end":{"line":8,"column":null}},"line":6},"1":{"name":"asString","decl":{"start":{"line":10,"column":9},"end":{"line":10,"column":18}},"loc":{"start":{"line":10,"column":60},"end":{"line":12,"column":null}},"line":10},"2":{"name":"asSeverity","decl":{"start":{"line":14,"column":9},"end":{"line":14,"column":20}},"loc":{"start":{"line":14,"column":63},"end":{"line":27,"column":null}},"line":14},"3":{"name":"canParse","decl":{"start":{"line":38,"column":2},"end":{"line":38,"column":11}},"loc":{"start":{"line":38,"column":38},"end":{"line":40,"column":null}},"line":38},"4":{"name":"parse","decl":{"start":{"line":42,"column":2},"end":{"line":42,"column":8}},"loc":{"start":{"line":42,"column":48},"end":{"line":57,"column":null}},"line":42},"5":{"name":"(anonymous_5)","decl":{"start":{"line":47,"column":56},"end":{"line":47,"column":57}},"loc":{"start":{"line":47,"column":69},"end":{"line":56,"column":5}},"line":47},"6":{"name":"canParse_2","decl":{"start":{"line":63,"column":2},"end":{"line":63,"column":11}},"loc":{"start":{"line":63,"column":38},"end":{"line":65,"column":null}},"line":63},"7":{"name":"parse_2","decl":{"start":{"line":67,"column":2},"end":{"line":67,"column":8}},"loc":{"start":{"line":67,"column":48},"end":{"line":79,"column":null}},"line":67},"8":{"name":"(anonymous_8)","decl":{"start":{"line":72,"column":47},"end":{"line":72,"column":48}},"loc":{"start":{"line":72,"column":59},"end":{"line":78,"column":6}},"line":72},"9":{"name":"(anonymous_9)","decl":{"start":{"line":84,"column":50},"end":{"line":84,"column":51}},"loc":{"start":{"line":84,"column":62},"end":{"line":84,"column":73}},"line":84},"10":{"name":"ingestSignal","decl":{"start":{"line":86,"column":22},"end":{"line":86,"column":35}},"loc":{"start":{"line":86,"column":83},"end":{"line":115,"column":null}},"line":86},"11":{"name":"(anonymous_11)","decl":{"start":{"line":87,"column":30},"end":{"line":87,"column":31}},"loc":{"start":{"line":87,"column":45},"end":{"line":87,"column":72}},"line":87},"12":{"name":"(anonymous_12)","decl":{"start":{"line":97,"column":59},"end":{"line":97,"column":71}},"loc":{"start":{"line":97,"column":71},"end":{"line":108,"column":3}},"line":97}},"branchMap":{"0":{"loc":{"start":{"line":7,"column":9},"end":{"line":7,"column":null}},"type":"binary-expr","locations":[{"start":{"line":7,"column":9},"end":{"line":7,"column":38}},{"start":{"line":7,"column":38},"end":{"line":7,"column":56}},{"start":{"line":7,"column":56},"end":{"line":7,"column":null}}],"line":7},"1":{"loc":{"start":{"line":11,"column":9},"end":{"line":11,"column":null}},"type":"cond-expr","locations":[{"start":{"line":11,"column":64},"end":{"line":11,"column":72}},{"start":{"line":11,"column":72},"end":{"line":11,"column":null}}],"line":11},"2":{"loc":{"start":{"line":11,"column":9},"end":{"line":11,"column":64}},"type":"binary-expr","locations":[{"start":{"line":11,"column":9},"end":{"line":11,"column":38}},{"start":{"line":11,"column":38},"end":{"line":11,"column":64}}],"line":11},"3":{"loc":{"start":{"line":15,"column":2},"end":{"line":17,"column":null}},"type":"if","locations":[{"start":{"line":15,"column":2},"end":{"line":17,"column":null}},{"start":{},"end":{}}],"line":15},"4":{"loc":{"start":{"line":16,"column":11},"end":{"line":16,"column":null}},"type":"cond-expr","locations":[{"start":{"line":16,"column":23},"end":{"line":16,"column":32}},{"start":{"line":16,"column":32},"end":{"line":16,"column":null}}],"line":16},"5":{"loc":{"start":{"line":16,"column":32},"end":{"line":16,"column":null}},"type":"cond-expr","locations":[{"start":{"line":16,"column":44},"end":{"line":16,"column":55}},{"start":{"line":16,"column":55},"end":{"line":16,"column":null}}],"line":16},"6":{"loc":{"start":{"line":20,"column":2},"end":{"line":22,"column":null}},"type":"if","locations":[{"start":{"line":20,"column":2},"end":{"line":22,"column":null}},{"start":{},"end":{}}],"line":20},"7":{"loc":{"start":{"line":20,"column":6},"end":{"line":20,"column":110}},"type":"binary-expr","locations":[{"start":{"line":20,"column":6},"end":{"line":20,"column":42}},{"start":{"line":20,"column":42},"end":{"line":20,"column":79}},{"start":{"line":20,"column":79},"end":{"line":20,"column":110}}],"line":20},"8":{"loc":{"start":{"line":23,"column":2},"end":{"line":25,"column":null}},"type":"if","locations":[{"start":{"line":23,"column":2},"end":{"line":25,"column":null}},{"start":{},"end":{}}],"line":23},"9":{"loc":{"start":{"line":23,"column":6},"end":{"line":23,"column":73}},"type":"binary-expr","locations":[{"start":{"line":23,"column":6},"end":{"line":23,"column":40}},{"start":{"line":23,"column":40},"end":{"line":23,"column":73}}],"line":23},"10":{"loc":{"start":{"line":39,"column":11},"end":{"line":39,"column":null}},"type":"binary-expr","locations":[{"start":{"line":39,"column":11},"end":{"line":39,"column":32}},{"start":{"line":39,"column":32},"end":{"line":39,"column":null}}],"line":39},"11":{"loc":{"start":{"line":43,"column":4},"end":{"line":45,"column":null}},"type":"if","locations":[{"start":{"line":43,"column":4},"end":{"line":45,"column":null}},{"start":{},"end":{}}],"line":43},"12":{"loc":{"start":{"line":43,"column":8},"end":{"line":43,"column":100}},"type":"binary-expr","locations":[{"start":{"line":43,"column":8},"end":{"line":43,"column":30}},{"start":{"line":43,"column":30},"end":{"line":43,"column":59}},{"start":{"line":43,"column":59},"end":{"line":43,"column":100}}],"line":43},"13":{"loc":{"start":{"line":48,"column":23},"end":{"line":48,"column":null}},"type":"cond-expr","locations":[{"start":{"line":48,"column":52},"end":{"line":48,"column":71}},{"start":{"line":48,"column":71},"end":{"line":48,"column":null}}],"line":48},"14":{"loc":{"start":{"line":64,"column":11},"end":{"line":64,"column":null}},"type":"binary-expr","locations":[{"start":{"line":64,"column":11},"end":{"line":64,"column":32}},{"start":{"line":64,"column":32},"end":{"line":64,"column":null}}],"line":64},"15":{"loc":{"start":{"line":68,"column":4},"end":{"line":70,"column":null}},"type":"if","locations":[{"start":{"line":68,"column":4},"end":{"line":70,"column":null}},{"start":{},"end":{}}],"line":68},"16":{"loc":{"start":{"line":68,"column":8},"end":{"line":68,"column":62}},"type":"binary-expr","locations":[{"start":{"line":68,"column":8},"end":{"line":68,"column":30}},{"start":{"line":68,"column":30},"end":{"line":68,"column":62}}],"line":68},"17":{"loc":{"start":{"line":86,"column":53},"end":{"line":86,"column":83}},"type":"default-arg","locations":[{"start":{"line":86,"column":66},"end":{"line":86,"column":83}}],"line":86},"18":{"loc":{"start":{"line":88,"column":2},"end":{"line":92,"column":null}},"type":"if","locations":[{"start":{"line":88,"column":2},"end":{"line":92,"column":null}},{"start":{},"end":{}}],"line":88},"19":{"loc":{"start":{"line":98,"column":4},"end":{"line":100,"column":null}},"type":"if","locations":[{"start":{"line":98,"column":4},"end":{"line":100,"column":null}},{"start":{},"end":{}}],"line":98},"20":{"loc":{"start":{"line":104,"column":14},"end":{"line":104,"column":null}},"type":"binary-expr","locations":[{"start":{"line":104,"column":14},"end":{"line":104,"column":35}},{"start":{"line":104,"column":35},"end":{"line":104,"column":null}}],"line":104}},"s":{"0":15,"1":11,"2":3,"3":1,"4":2,"5":2,"6":1,"7":1,"8":0,"9":1,"10":2,"11":4,"12":1,"13":0,"14":1,"15":1,"16":1,"17":2,"18":3,"19":2,"20":0,"21":2,"22":2,"23":2,"24":2,"25":4,"26":4,"27":7,"28":4,"29":1,"30":3,"31":3,"32":3,"33":3,"34":2,"35":3,"36":3},"f":{"0":15,"1":11,"2":3,"3":4,"4":1,"5":1,"6":3,"7":2,"8":2,"9":4,"10":4,"11":7,"12":3},"b":{"0":[15,15,15],"1":[11,0],"2":[11,11],"3":[1,2],"4":[1,0],"5":[0,0],"6":[1,1],"7":[2,2,1],"8":[0,1],"9":[1,1],"10":[4,4],"11":[0,1],"12":[1,1,1],"13":[1,0],"14":[3,3],"15":[0,2],"16":[2,2],"17":[4],"18":[1,3],"19":[2,1],"20":[3,0]},"meta":{"lastBranch":21,"lastFunction":13,"lastStatement":37,"seen":{"f:6:9:6:18":0,"s:7:2:7:Infinity":0,"b:7:9:7:38:7:38:7:56:7:56:7:Infinity":0,"f:10:9:10:18":1,"s:11:2:11:Infinity":1,"b:11:64:11:72:11:72:11:Infinity":1,"b:11:9:11:38:11:38:11:64":2,"f:14:9:14:20":2,"b:15:2:17:Infinity:undefined:undefined:undefined:undefined":3,"s:15:2:17:Infinity":2,"s:16:4:16:Infinity":3,"b:16:23:16:32:16:32:16:Infinity":4,"b:16:44:16:55:16:55:16:Infinity":5,"s:19:29:19:Infinity":4,"b:20:2:22:Infinity:undefined:undefined:undefined:undefined":6,"s:20:2:22:Infinity":5,"b:20:6:20:42:20:42:20:79:20:79:20:110":7,"s:21:4:21:Infinity":6,"b:23:2:25:Infinity:undefined:undefined:undefined:undefined":8,"s:23:2:25:Infinity":7,"b:23:6:23:40:23:40:23:73":9,"s:24:4:24:Infinity":8,"s:26:2:26:Infinity":9,"s:36:18:36:Infinity":10,"f:38:2:38:11":3,"s:39:4:39:Infinity":11,"b:39:11:39:32:39:32:39:Infinity":10,"f:42:2:42:8":4,"b:43:4:45:Infinity:undefined:undefined:undefined:undefined":11,"s:43:4:45:Infinity":12,"b:43:8:43:30:43:30:43:59:43:59:43:100":12,"s:44:6:44:Infinity":13,"s:47:4:56:Infinity":14,"f:47:56:47:57":5,"s:48:23:48:Infinity":15,"b:48:52:48:71:48:71:48:Infinity":13,"s:49:6:55:Infinity":16,"s:61:18:61:Infinity":17,"f:63:2:63:11":6,"s:64:4:64:Infinity":18,"b:64:11:64:32:64:32:64:Infinity":14,"f:67:2:67:8":7,"b:68:4:70:Infinity:undefined:undefined:undefined:undefined":15,"s:68:4:70:Infinity":19,"b:68:8:68:30:68:30:68:62":16,"s:69:6:69:Infinity":20,"s:72:4:78:Infinity":21,"f:72:47:72:48":8,"s:72:59:78:6":22,"s:82:32:82:Infinity":23,"s:84:38:84:Infinity":24,"f:84:50:84:51":9,"s:84:62:84:73":25,"f:86:22:86:35":10,"b:86:66:86:83":17,"s:87:17:87:Infinity":26,"f:87:30:87:31":11,"s:87:45:87:72":27,"b:88:2:92:Infinity:undefined:undefined:undefined:undefined":18,"s:88:2:92:Infinity":28,"s:89:4:91:Infinity":29,"s:94:20:94:Infinity":30,"s:95:8:95:Infinity":31,"s:97:2:108:Infinity":32,"f:97:59:97:71":12,"b:98:4:100:Infinity:undefined:undefined:undefined:undefined":19,"s:98:4:100:Infinity":33,"s:99:6:99:Infinity":34,"s:102:4:107:Infinity":35,"b:104:14:104:35:104:35:104:Infinity":20,"s:110:2:114:Infinity":36},"fnNames":{}}}
}
